<?xml version="1.0" encoding="UTF-8"?>
<!-- Generated by org.testng.reporters.JUnitReportReporter -->
<testsuite hostname="DTBLR01LP237" failures="0" tests="1" name="Selenium1.Selenium1.Demo" time="3.919" errors="0" timestamp="2023-07-20T15:28:03 IST" skipped="0">
  <testcase classname="Selenium1.Selenium1.Demo" name="openBrowser" time="3.919"/>
  <system-out/>
</testsuite> <!-- Selenium1.Selenium1.Demo -->
